[0115/173342.633:ERROR:file_io.cc(89)] ReadExactly: expected 36, observed 0
[0129/232944.972:ERROR:process_memory_win.cc(73)] ReadMemory at 0x1d0a4a10770 of 72 bytes failed: Only part of a ReadProcessMemory or WriteProcessMemory request was completed. (0x12B)
[0129/232946.933:WARNING:pe_image_annotations_reader.cc(134)] could not read annotations list object in C:\Program Files (x86)\Google\Chrome\Application\79.0.3945.130\chrome_elf.dll
[0129/232946.933:ERROR:process_memory_win.cc(73)] ReadMemory at 0x7ffc275f0000 of 64 bytes failed: Only part of a ReadProcessMemory or WriteProcessMemory request was completed. (0x12B)
[0129/232946.933:WARNING:pe_image_reader.cc(340)] could not read dos header from C:\WINDOWS\SYSTEM32\VERSION.dll
[0129/232946.949:ERROR:process_memory_win.cc(73)] ReadMemory at 0x7ffc30030000 of 64 bytes failed: Only part of a ReadProcessMemory or WriteProcessMemory request was completed. (0x12B)
[0129/232947.151:WARNING:pe_image_reader.cc(340)] could not read dos header from C:\WINDOWS\System32\msvcrt.dll
[0129/232947.151:ERROR:process_memory_win.cc(73)] ReadMemory at 0x7ffc2e7b0000 of 64 bytes failed: Only part of a ReadProcessMemory or WriteProcessMemory request was completed. (0x12B)
[0129/232947.151:WARNING:pe_image_reader.cc(340)] could not read dos header from C:\WINDOWS\System32\bcryptPrimitives.dll
[0129/232947.151:ERROR:process_memory_win.cc(73)] ReadMemory at 0x7ffc300d0000 of 64 bytes failed: Only part of a ReadProcessMemory or WriteProcessMemory request was completed. (0x12B)
[0129/232947.151:WARNING:pe_image_reader.cc(340)] could not read dos header from C:\WINDOWS\System32\ADVAPI32.dll
[0129/232947.151:ERROR:process_memory_win.cc(73)] ReadMemory at 0x7ffc2f8b0000 of 64 bytes failed: Only part of a ReadProcessMemory or WriteProcessMemory request was completed. (0x12B)
[0129/232947.151:WARNING:pe_image_reader.cc(340)] could not read dos header from C:\WINDOWS\System32\sechost.dll
[0129/232947.151:ERROR:process_memory_win.cc(73)] ReadMemory at 0x7ffc304d0000 of 64 bytes failed: Only part of a ReadProcessMemory or WriteProcessMemory request was completed. (0x12B)
[0129/232947.151:WARNING:pe_image_reader.cc(340)] could not read dos header from C:\WINDOWS\System32\RPCRT4.dll
[0129/232947.151:ERROR:process_memory_win.cc(73)] ReadMemory at 0x7ffbe1670000 of 64 bytes failed: Only part of a ReadProcessMemory or WriteProcessMemory request was completed. (0x12B)
[0129/232947.151:WARNING:pe_image_reader.cc(340)] could not read dos header from C:\Program Files (x86)\Google\Chrome\Application\79.0.3945.130\chrome_child.dll
[0129/232947.151:ERROR:process_memory_win.cc(73)] ReadMemory at 0x7ffc2f230000 of 64 bytes failed: Only part of a ReadProcessMemory or WriteProcessMemory request was completed. (0x12B)
[0129/232947.151:WARNING:pe_image_reader.cc(340)] could not read dos header from C:\WINDOWS\System32\OLEAUT32.dll
[0129/232947.151:ERROR:process_memory_win.cc(73)] ReadMemory at 0x7ffc2e6c0000 of 64 bytes failed: Only part of a ReadProcessMemory or WriteProcessMemory request was completed. (0x12B)
[0129/232947.151:WARNING:pe_image_reader.cc(340)] could not read dos header from C:\WINDOWS\System32\msvcp_win.dll
[0129/232947.151:ERROR:process_memory_win.cc(73)] ReadMemory at 0x7ffc2de40000 of 64 bytes failed: Only part of a ReadProcessMemory or WriteProcessMemory request was completed. (0x12B)
[0129/232947.151:WARNING:pe_image_reader.cc(340)] could not read dos header from C:\WINDOWS\System32\ucrtbase.dll
[0129/232947.151:ERROR:process_memory_win.cc(73)] ReadMemory at 0x7ffc30190000 of 64 bytes failed: Only part of a ReadProcessMemory or WriteProcessMemory request was completed. (0x12B)
[0129/232947.151:WARNING:pe_image_reader.cc(340)] could not read dos header from C:\WINDOWS\System32\combase.dll
[0129/232947.151:ERROR:process_memory_win.cc(73)] ReadMemory at 0x7ffc2fef0000 of 64 bytes failed: Only part of a ReadProcessMemory or WriteProcessMemory request was completed. (0x12B)
[0129/232947.151:WARNING:pe_image_reader.cc(340)] could not read dos header from C:\WINDOWS\System32\WS2_32.dll
[0129/232947.151:ERROR:process_memory_win.cc(73)] ReadMemory at 0x7ffc2dc90000 of 64 bytes failed: Only part of a ReadProcessMemory or WriteProcessMemory request was completed. (0x12B)
[0129/232947.235:WARNING:pe_image_reader.cc(340)] could not read dos header from C:\WINDOWS\System32\WINTRUST.dll
[0129/232947.235:ERROR:process_memory_win.cc(73)] ReadMemory at 0x7ffc2d660000 of 64 bytes failed: Only part of a ReadProcessMemory or WriteProcessMemory request was completed. (0x12B)
[0129/232947.235:WARNING:pe_image_reader.cc(340)] could not read dos header from C:\WINDOWS\System32\MSASN1.dll
[0129/232947.235:ERROR:process_memory_win.cc(73)] ReadMemory at 0x7ffc2dcf0000 of 64 bytes failed: Only part of a ReadProcessMemory or WriteProcessMemory request was completed. (0x12B)
[0129/232947.235:WARNING:pe_image_reader.cc(340)] could not read dos header from C:\WINDOWS\System32\CRYPT32.dll
[0129/232947.235:ERROR:process_memory_win.cc(73)] ReadMemory at 0x7ffc2cbd0000 of 64 bytes failed: Only part of a ReadProcessMemory or WriteProcessMemory request was completed. (0x12B)
[0129/232947.235:WARNING:pe_image_reader.cc(340)] could not read dos header from C:\WINDOWS\SYSTEM32\IPHLPAPI.DLL
[0129/232947.235:ERROR:process_memory_win.cc(73)] ReadMemory at 0x7ffc2b380000 of 64 bytes failed: Only part of a ReadProcessMemory or WriteProcessMemory request was completed. (0x12B)
[0129/232947.235:WARNING:pe_image_reader.cc(340)] could not read dos header from C:\WINDOWS\SYSTEM32\WINMM.dll
[0129/232947.235:ERROR:process_memory_win.cc(73)] ReadMemory at 0x7ffc2d570000 of 64 bytes failed: Only part of a ReadProcessMemory or WriteProcessMemory request was completed. (0x12B)
[0129/232947.251:WARNING:pe_image_reader.cc(340)] could not read dos header from C:\WINDOWS\SYSTEM32\USERENV.dll
[0129/232947.251:ERROR:process_memory_win.cc(73)] ReadMemory at 0x7ffc2d6f0000 of 64 bytes failed: Only part of a ReadProcessMemory or WriteProcessMemory request was completed. (0x12B)
[0129/232947.251:WARNING:pe_image_reader.cc(340)] could not read dos header from C:\WINDOWS\System32\profapi.dll
[0129/232947.251:ERROR:process_memory_win.cc(73)] ReadMemory at 0x7ffc20a90000 of 64 bytes failed: Only part of a ReadProcessMemory or WriteProcessMemory request was completed. (0x12B)
[0129/232947.251:WARNING:pe_image_reader.cc(340)] could not read dos header from C:\WINDOWS\SYSTEM32\DWrite.dll
[0129/232947.251:ERROR:process_memory_win.cc(73)] ReadMemory at 0x7ffc25830000 of 64 bytes failed: Only part of a ReadProcessMemory or WriteProcessMemory request was completed. (0x12B)
[0129/232947.251:WARNING:pe_image_reader.cc(340)] could not read dos header from C:\WINDOWS\SYSTEM32\WINSPOOL.DRV
[0129/232947.251:ERROR:process_memory_win.cc(73)] ReadMemory at 0x7ffc2d6d0000 of 64 bytes failed: Only part of a ReadProcessMemory or WriteProcessMemory request was completed. (0x12B)
[0129/232947.251:WARNING:pe_image_reader.cc(340)] could not read dos header from C:\WINDOWS\System32\kernel.appcore.dll
[0129/232947.251:ERROR:process_memory_win.cc(73)] ReadMemory at 0x7ffc2d8b0000 of 64 bytes failed: Only part of a ReadProcessMemory or WriteProcessMemory request was completed. (0x12B)
[0129/232947.251:WARNING:pe_image_reader.cc(340)] could not read dos header from C:\WINDOWS\System32\bcrypt.dll
[0129/232947.251:ERROR:process_memory_win.cc(73)] ReadMemory at 0x7ffc2c050000 of 64 bytes failed: Only part of a ReadProcessMemory or WriteProcessMemory request was completed. (0x12B)
[0129/232947.251:WARNING:pe_image_reader.cc(340)] could not read dos header from C:\WINDOWS\SYSTEM32\dbghelp.dll
[0129/232947.251:ERROR:process_memory_win.cc(73)] ReadMemory at 0x7ffc13070000 of 64 bytes failed: Only part of a ReadProcessMemory or WriteProcessMemory request was completed. (0x12B)
[0129/232947.251:WARNING:pe_image_reader.cc(340)] could not read dos header from C:\WINDOWS\SYSTEM32\Secur32.dll
[0129/232947.251:ERROR:process_memory_win.cc(73)] ReadMemory at 0x7ffc20590000 of 64 bytes failed: Only part of a ReadProcessMemory or WriteProcessMemory request was completed. (0x12B)
[0129/232947.251:WARNING:pe_image_reader.cc(340)] could not read dos header from C:\WINDOWS\SYSTEM32\WINHTTP.dll
[0129/232947.251:ERROR:process_memory_win.cc(73)] ReadMemory at 0x7ffc25c70000 of 64 bytes failed: Only part of a ReadProcessMemory or WriteProcessMemory request was completed. (0x12B)
[0129/232947.251:WARNING:pe_image_reader.cc(340)] could not read dos header from C:\WINDOWS\SYSTEM32\dhcpcsvc.DLL
[0129/232947.251:ERROR:process_memory_win.cc(73)] ReadMemory at 0x7ffc30180000 of 64 bytes failed: Only part of a ReadProcessMemory or WriteProcessMemory request was completed. (0x12B)
[0129/232947.251:WARNING:pe_image_reader.cc(340)] could not read dos header from C:\WINDOWS\System32\NSI.dll
[0129/232947.251:ERROR:process_memory_win.cc(73)] ReadMemory at 0x7ffc2aba0000 of 64 bytes failed: Only part of a ReadProcessMemory or WriteProcessMemory request was completed. (0x12B)
[0129/232947.251:WARNING:pe_image_reader.cc(340)] could not read dos header from C:\WINDOWS\SYSTEM32\WINMMBASE.dll
[0129/232947.251:ERROR:process_memory_win.cc(73)] ReadMemory at 0x7ffc2dc40000 of 64 bytes failed: Only part of a ReadProcessMemory or WriteProcessMemory request was completed. (0x12B)
[0129/232947.251:WARNING:pe_image_reader.cc(340)] could not read dos header from C:\WINDOWS\System32\cfgmgr32.dll
[0129/232947.251:ERROR:process_memory_win.cc(73)] ReadMemory at 0x7ffc29c70000 of 64 bytes failed: Only part of a ReadProcessMemory or WriteProcessMemory request was completed. (0x12B)
[0129/232947.251:WARNING:pe_image_reader.cc(340)] could not read dos header from C:\WINDOWS\SYSTEM32\PROPSYS.dll
[0129/232947.251:ERROR:process_memory_win.cc(73)] ReadMemory at 0x7ffc2f010000 of 64 bytes failed: Only part of a ReadProcessMemory or WriteProcessMemory request was completed. (0x12B)
[0129/232947.251:WARNING:pe_image_reader.cc(340)] could not read dos header from C:\WINDOWS\System32\shcore.dll
[0129/232947.251:ERROR:process_memory_win.cc(73)] ReadMemory at 0x7ffc2d540000 of 64 bytes failed: Only part of a ReadProcessMemory or WriteProcessMemory request was completed. (0x12B)
[0129/232947.251:WARNING:pe_image_reader.cc(340)] could not read dos header from C:\WINDOWS\SYSTEM32\SSPICLI.DLL
[0129/232947.251:ERROR:process_memory_win.cc(73)] ReadMemory at 0x7ffc2d090000 of 64 bytes failed: Only part of a ReadProcessMemory or WriteProcessMemory request was completed. (0x12B)
[0129/232947.251:WARNING:pe_image_reader.cc(340)] could not read dos header from C:\WINDOWS\SYSTEM32\CRYPTBASE.DLL
[0129/232947.251:ERROR:process_memory_win.cc(73)] ReadMemory at 0x7ff7b0250000 of 64 bytes failed: Only part of a ReadProcessMemory or WriteProcessMemory request was completed. (0x12B)
[0129/232947.251:WARNING:pe_image_reader.cc(340)] could not read dos header from C:\Program Files (x86)\Google\Chrome\Application\chrome.exe
[0129/232947.251:ERROR:process_memory_win.cc(73)] ReadMemory at 0x7ffc30780000 of 64 bytes failed: Only part of a ReadProcessMemory or WriteProcessMemory request was completed. (0x12B)
[0129/232947.251:WARNING:pe_image_reader.cc(340)] could not read dos header from C:\WINDOWS\SYSTEM32\ntdll.dll
[0129/232947.251:ERROR:process_memory_win.cc(73)] ReadMemory at 0x7ffc2ef20000 of 64 bytes failed: Only part of a ReadProcessMemory or WriteProcessMemory request was completed. (0x12B)
[0129/232947.251:WARNING:pe_image_reader.cc(340)] could not read dos header from C:\WINDOWS\System32\KERNEL32.DLL
[0129/232947.251:ERROR:process_memory_win.cc(73)] ReadMemory at 0x7ffc2d8e0000 of 64 bytes failed: Only part of a ReadProcessMemory or WriteProcessMemory request was completed. (0x12B)
[0129/232947.251:WARNING:pe_image_reader.cc(340)] could not read dos header from C:\WINDOWS\System32\KERNELBASE.dll
[0129/232947.251:ERROR:process_memory_win.cc(73)] ReadMemory at 0x7ffc07660000 of 64 bytes failed: Only part of a ReadProcessMemory or WriteProcessMemory request was completed. (0x12B)
[0129/232947.251:WARNING:pe_image_reader.cc(340)] could not read dos header from C:\Program Files (x86)\Google\Chrome\Application\79.0.3945.130\chrome_elf.dll
[0129/232947.251:ERROR:process_memory_win.cc(73)] ReadMemory at 0x7ffc275f0000 of 64 bytes failed: Only part of a ReadProcessMemory or WriteProcessMemory request was completed. (0x12B)
[0129/232947.251:WARNING:pe_image_reader.cc(340)] could not read dos header from C:\WINDOWS\SYSTEM32\VERSION.dll
[0129/232947.251:ERROR:process_memory_win.cc(73)] ReadMemory at 0x7ffc30030000 of 64 bytes failed: Only part of a ReadProcessMemory or WriteProcessMemory request was completed. (0x12B)
[0129/232947.251:WARNING:pe_image_reader.cc(340)] could not read dos header from C:\WINDOWS\System32\msvcrt.dll
[0129/232947.251:ERROR:process_memory_win.cc(73)] ReadMemory at 0x7ffc2e7b0000 of 64 bytes failed: Only part of a ReadProcessMemory or WriteProcessMemory request was completed. (0x12B)
[0129/232947.251:WARNING:pe_image_reader.cc(340)] could not read dos header from C:\WINDOWS\System32\bcryptPrimitives.dll
[0129/232947.251:ERROR:process_memory_win.cc(73)] ReadMemory at 0x7ffc300d0000 of 64 bytes failed: Only part of a ReadProcessMemory or WriteProcessMemory request was completed. (0x12B)
[0129/232947.251:WARNING:pe_image_reader.cc(340)] could not read dos header from C:\WINDOWS\System32\ADVAPI32.dll
[0129/232947.251:ERROR:process_memory_win.cc(73)] ReadMemory at 0x7ffc2f8b0000 of 64 bytes failed: Only part of a ReadProcessMemory or WriteProcessMemory request was completed. (0x12B)
[0129/232947.251:WARNING:pe_image_reader.cc(340)] could not read dos header from C:\WINDOWS\System32\sechost.dll
[0129/232947.251:ERROR:process_memory_win.cc(73)] ReadMemory at 0x7ffc304d0000 of 64 bytes failed: Only part of a ReadProcessMemory or WriteProcessMemory request was completed. (0x12B)
[0129/232947.251:WARNING:pe_image_reader.cc(340)] could not read dos header from C:\WINDOWS\System32\RPCRT4.dll
[0129/232947.251:ERROR:process_memory_win.cc(73)] ReadMemory at 0x7ffbe1670000 of 64 bytes failed: Only part of a ReadProcessMemory or WriteProcessMemory request was completed. (0x12B)
[0129/232947.251:WARNING:pe_image_reader.cc(340)] could not read dos header from C:\Program Files (x86)\Google\Chrome\Application\79.0.3945.130\chrome_child.dll
[0129/232947.251:ERROR:process_memory_win.cc(73)] ReadMemory at 0x7ffc2f230000 of 64 bytes failed: Only part of a ReadProcessMemory or WriteProcessMemory request was completed. (0x12B)
[0129/232947.251:WARNING:pe_image_reader.cc(340)] could not read dos header from C:\WINDOWS\System32\OLEAUT32.dll
[0129/232947.251:ERROR:process_memory_win.cc(73)] ReadMemory at 0x7ffc2e6c0000 of 64 bytes failed: Only part of a ReadProcessMemory or WriteProcessMemory request was completed. (0x12B)
[0129/232947.251:WARNING:pe_image_reader.cc(340)] could not read dos header from C:\WINDOWS\System32\msvcp_win.dll
[0129/232947.251:ERROR:process_memory_win.cc(73)] ReadMemory at 0x7ffc2de40000 of 64 bytes failed: Only part of a ReadProcessMemory or WriteProcessMemory request was completed. (0x12B)
[0129/232947.251:WARNING:pe_image_reader.cc(340)] could not read dos header from C:\WINDOWS\System32\ucrtbase.dll
[0129/232947.251:ERROR:process_memory_win.cc(73)] ReadMemory at 0x7ffc30190000 of 64 bytes failed: Only part of a ReadProcessMemory or WriteProcessMemory request was completed. (0x12B)
[0129/232947.251:WARNING:pe_image_reader.cc(340)] could not read dos header from C:\WINDOWS\System32\combase.dll
[0129/232947.251:ERROR:process_memory_win.cc(73)] ReadMemory at 0x7ffc2fef0000 of 64 bytes failed: Only part of a ReadProcessMemory or WriteProcessMemory request was completed. (0x12B)
[0129/232947.251:WARNING:pe_image_reader.cc(340)] could not read dos header from C:\WINDOWS\System32\WS2_32.dll
[0129/232947.251:ERROR:process_memory_win.cc(73)] ReadMemory at 0x7ffc2dc90000 of 64 bytes failed: Only part of a ReadProcessMemory or WriteProcessMemory request was completed. (0x12B)
[0129/232947.251:WARNING:pe_image_reader.cc(340)] could not read dos header from C:\WINDOWS\System32\WINTRUST.dll
[0129/232947.251:ERROR:process_memory_win.cc(73)] ReadMemory at 0x7ffc2d660000 of 64 bytes failed: Only part of a ReadProcessMemory or WriteProcessMemory request was completed. (0x12B)
[0129/232947.251:WARNING:pe_image_reader.cc(340)] could not read dos header from C:\WINDOWS\System32\MSASN1.dll
[0129/232947.251:ERROR:process_memory_win.cc(73)] ReadMemory at 0x7ffc2dcf0000 of 64 bytes failed: Only part of a ReadProcessMemory or WriteProcessMemory request was completed. (0x12B)
[0129/232947.251:WARNING:pe_image_reader.cc(340)] could not read dos header from C:\WINDOWS\System32\CRYPT32.dll
[0129/232947.251:ERROR:process_memory_win.cc(73)] ReadMemory at 0x7ffc2cbd0000 of 64 bytes failed: Only part of a ReadProcessMemory or WriteProcessMemory request was completed. (0x12B)
[0129/232947.251:WARNING:pe_image_reader.cc(340)] could not read dos header from C:\WINDOWS\SYSTEM32\IPHLPAPI.DLL
[0129/232947.251:ERROR:process_memory_win.cc(73)] ReadMemory at 0x7ffc2b380000 of 64 bytes failed: Only part of a ReadProcessMemory or WriteProcessMemory request was completed. (0x12B)
[0129/232947.251:WARNING:pe_image_reader.cc(340)] could not read dos header from C:\WINDOWS\SYSTEM32\WINMM.dll
[0129/232947.251:ERROR:process_memory_win.cc(73)] ReadMemory at 0x7ffc2d570000 of 64 bytes failed: Only part of a ReadProcessMemory or WriteProcessMemory request was completed. (0x12B)
[0129/232947.251:WARNING:pe_image_reader.cc(340)] could not read dos header from C:\WINDOWS\SYSTEM32\USERENV.dll
[0129/232947.251:ERROR:process_memory_win.cc(73)] ReadMemory at 0x7ffc2d6f0000 of 64 bytes failed: Only part of a ReadProcessMemory or WriteProcessMemory request was completed. (0x12B)
[0129/232947.251:WARNING:pe_image_reader.cc(340)] could not read dos header from C:\WINDOWS\System32\profapi.dll
[0129/232947.251:ERROR:process_memory_win.cc(73)] ReadMemory at 0x7ffc20a90000 of 64 bytes failed: Only part of a ReadProcessMemory or WriteProcessMemory request was completed. (0x12B)
[0129/232947.251:WARNING:pe_image_reader.cc(340)] could not read dos header from C:\WINDOWS\SYSTEM32\DWrite.dll
[0129/232947.251:ERROR:process_memory_win.cc(73)] ReadMemory at 0x7ffc25830000 of 64 bytes failed: Only part of a ReadProcessMemory or WriteProcessMemory request was completed. (0x12B)
[0129/232947.251:WARNING:pe_image_reader.cc(340)] could not read dos header from C:\WINDOWS\SYSTEM32\WINSPOOL.DRV
[0129/232947.251:ERROR:process_memory_win.cc(73)] ReadMemory at 0x7ffc2d6d0000 of 64 bytes failed: Only part of a ReadProcessMemory or WriteProcessMemory request was completed. (0x12B)
[0129/232947.251:WARNING:pe_image_reader.cc(340)] could not read dos header from C:\WINDOWS\System32\kernel.appcore.dll
[0129/232947.251:ERROR:process_memory_win.cc(73)] ReadMemory at 0x7ffc2d8b0000 of 64 bytes failed: Only part of a ReadProcessMemory or WriteProcessMemory request was completed. (0x12B)
[0129/232947.251:WARNING:pe_image_reader.cc(340)] could not read dos header from C:\WINDOWS\System32\bcrypt.dll
[0129/232947.251:ERROR:process_memory_win.cc(73)] ReadMemory at 0x7ffc2c050000 of 64 bytes failed: Only part of a ReadProcessMemory or WriteProcessMemory request was completed. (0x12B)
[0129/232947.251:WARNING:pe_image_reader.cc(340)] could not read dos header from C:\WINDOWS\SYSTEM32\dbghelp.dll
[0129/232947.251:ERROR:process_memory_win.cc(73)] ReadMemory at 0x7ffc13070000 of 64 bytes failed: Only part of a ReadProcessMemory or WriteProcessMemory request was completed. (0x12B)
[0129/232947.251:WARNING:pe_image_reader.cc(340)] could not read dos header from C:\WINDOWS\SYSTEM32\Secur32.dll
[0129/232947.251:ERROR:process_memory_win.cc(73)] ReadMemory at 0x7ffc20590000 of 64 bytes failed: Only part of a ReadProcessMemory or WriteProcessMemory request was completed. (0x12B)
[0129/232947.251:WARNING:pe_image_reader.cc(340)] could not read dos header from C:\WINDOWS\SYSTEM32\WINHTTP.dll
[0129/232947.251:ERROR:process_memory_win.cc(73)] ReadMemory at 0x7ffc25c70000 of 64 bytes failed: Only part of a ReadProcessMemory or WriteProcessMemory request was completed. (0x12B)
[0129/232947.251:WARNING:pe_image_reader.cc(340)] could not read dos header from C:\WINDOWS\SYSTEM32\dhcpcsvc.DLL
[0129/232947.251:ERROR:process_memory_win.cc(73)] ReadMemory at 0x7ffc30180000 of 64 bytes failed: Only part of a ReadProcessMemory or WriteProcessMemory request was completed. (0x12B)
[0129/232947.251:WARNING:pe_image_reader.cc(340)] could not read dos header from C:\WINDOWS\System32\NSI.dll
[0129/232947.251:ERROR:process_memory_win.cc(73)] ReadMemory at 0x7ffc2aba0000 of 64 bytes failed: Only part of a ReadProcessMemory or WriteProcessMemory request was completed. (0x12B)
[0129/232947.251:WARNING:pe_image_reader.cc(340)] could not read dos header from C:\WINDOWS\SYSTEM32\WINMMBASE.dll
[0129/232947.251:ERROR:process_memory_win.cc(73)] ReadMemory at 0x7ffc2dc40000 of 64 bytes failed: Only part of a ReadProcessMemory or WriteProcessMemory request was completed. (0x12B)
[0129/232947.251:WARNING:pe_image_reader.cc(340)] could not read dos header from C:\WINDOWS\System32\cfgmgr32.dll
[0129/232947.251:ERROR:process_memory_win.cc(73)] ReadMemory at 0x7ffc29c70000 of 64 bytes failed: Only part of a ReadProcessMemory or WriteProcessMemory request was completed. (0x12B)
[0129/232947.251:WARNING:pe_image_reader.cc(340)] could not read dos header from C:\WINDOWS\SYSTEM32\PROPSYS.dll
[0129/232947.251:ERROR:process_memory_win.cc(73)] ReadMemory at 0x7ffc2f010000 of 64 bytes failed: Only part of a ReadProcessMemory or WriteProcessMemory request was completed. (0x12B)
[0129/232947.251:WARNING:pe_image_reader.cc(340)] could not read dos header from C:\WINDOWS\System32\shcore.dll
[0129/232947.251:ERROR:process_memory_win.cc(73)] ReadMemory at 0x7ffc2d540000 of 64 bytes failed: Only part of a ReadProcessMemory or WriteProcessMemory request was completed. (0x12B)
[0129/232947.251:WARNING:pe_image_reader.cc(340)] could not read dos header from C:\WINDOWS\SYSTEM32\SSPICLI.DLL
[0129/232947.251:ERROR:process_memory_win.cc(73)] ReadMemory at 0x7ffc2d090000 of 64 bytes failed: Only part of a ReadProcessMemory or WriteProcessMemory request was completed. (0x12B)
[0129/232947.251:WARNING:pe_image_reader.cc(340)] could not read dos header from C:\WINDOWS\SYSTEM32\CRYPTBASE.DLL
[0129/232948.886:ERROR:process_memory_win.cc(73)] ReadMemory at 0x51b79ea000 of 90112 bytes failed: Only part of a ReadProcessMemory or WriteProcessMemory request was completed. (0x12B)
[0129/232948.902:ERROR:process_memory_win.cc(73)] ReadMemory at 0x51b81fd000 of 12288 bytes failed: Only part of a ReadProcessMemory or WriteProcessMemory request was completed. (0x12B)
[0129/232948.902:ERROR:process_memory_win.cc(73)] ReadMemory at 0x51b89f7000 of 36864 bytes failed: Only part of a ReadProcessMemory or WriteProcessMemory request was completed. (0x12B)
[0129/232948.902:ERROR:process_memory_win.cc(73)] ReadMemory at 0x51b91fc000 of 16384 bytes failed: Only part of a ReadProcessMemory or WriteProcessMemory request was completed. (0x12B)
[0129/232948.902:ERROR:process_memory_win.cc(73)] ReadMemory at 0x51b99fb000 of 20480 bytes failed: Only part of a ReadProcessMemory or WriteProcessMemory request was completed. (0x12B)
[0129/232948.902:ERROR:process_memory_win.cc(73)] ReadMemory at 0x51ba1fe000 of 8192 bytes failed: Only part of a ReadProcessMemory or WriteProcessMemory request was completed. (0x12B)
[0129/232948.902:ERROR:process_memory_win.cc(73)] ReadMemory at 0x51ba9fd000 of 12288 bytes failed: Only part of a ReadProcessMemory or WriteProcessMemory request was completed. (0x12B)
[0129/232948.902:ERROR:process_memory_win.cc(73)] ReadMemory at 0x51bb1fb000 of 20480 bytes failed: Only part of a ReadProcessMemory or WriteProcessMemory request was completed. (0x12B)
[0129/232948.902:ERROR:process_memory_win.cc(73)] ReadMemory at 0x51bc1f6000 of 40960 bytes failed: Only part of a ReadProcessMemory or WriteProcessMemory request was completed. (0x12B)
[0129/232948.902:ERROR:process_memory_win.cc(73)] ReadMemory at 0x51bc9f4000 of 49152 bytes failed: Only part of a ReadProcessMemory or WriteProcessMemory request was completed. (0x12B)
[0129/232948.902:ERROR:process_memory_win.cc(73)] ReadMemory at 0x51bd1fc000 of 16384 bytes failed: Only part of a ReadProcessMemory or WriteProcessMemory request was completed. (0x12B)
[0129/232948.902:ERROR:process_memory_win.cc(73)] ReadMemory at 0x51bd9fa000 of 24576 bytes failed: Only part of a ReadProcessMemory or WriteProcessMemory request was completed. (0x12B)
[0129/232948.902:ERROR:process_memory_win.cc(73)] ReadMemory at 0x51be1f4000 of 49152 bytes failed: Only part of a ReadProcessMemory or WriteProcessMemory request was completed. (0x12B)
[0129/232948.902:ERROR:process_memory_win.cc(73)] ReadMemory at 0x51be9fc000 of 16384 bytes failed: Only part of a ReadProcessMemory or WriteProcessMemory request was completed. (0x12B)
[0129/232948.902:ERROR:process_memory_win.cc(73)] ReadMemory at 0x51bb9fd000 of 12288 bytes failed: Only part of a ReadProcessMemory or WriteProcessMemory request was completed. (0x12B)
[0129/232949.397:ERROR:process_memory_win.cc(73)] ReadMemory at 0x51b7077000 of 852 bytes failed: Only part of a ReadProcessMemory or WriteProcessMemory request was completed. (0x12B)
[0129/232949.397:ERROR:process_memory_win.cc(73)] ReadMemory at 0x51b7078000 of 6024 bytes failed: Only part of a ReadProcessMemory or WriteProcessMemory request was completed. (0x12B)
[0129/232949.397:ERROR:process_memory_win.cc(73)] ReadMemory at 0x51b707a000 of 6024 bytes failed: Only part of a ReadProcessMemory or WriteProcessMemory request was completed. (0x12B)
[0129/232949.397:ERROR:process_memory_win.cc(73)] ReadMemory at 0x51b707c000 of 6024 bytes failed: Only part of a ReadProcessMemory or WriteProcessMemory request was completed. (0x12B)
[0129/232949.397:ERROR:process_memory_win.cc(73)] ReadMemory at 0x51b707e000 of 6024 bytes failed: Only part of a ReadProcessMemory or WriteProcessMemory request was completed. (0x12B)
[0129/232949.397:ERROR:process_memory_win.cc(73)] ReadMemory at 0x51b7080000 of 6024 bytes failed: Only part of a ReadProcessMemory or WriteProcessMemory request was completed. (0x12B)
[0129/232949.397:ERROR:process_memory_win.cc(73)] ReadMemory at 0x51b7082000 of 6024 bytes failed: Only part of a ReadProcessMemory or WriteProcessMemory request was completed. (0x12B)
[0129/232949.397:ERROR:process_memory_win.cc(73)] ReadMemory at 0x51b7084000 of 6024 bytes failed: Only part of a ReadProcessMemory or WriteProcessMemory request was completed. (0x12B)
[0129/232949.397:ERROR:process_memory_win.cc(73)] ReadMemory at 0x51b7086000 of 6024 bytes failed: Only part of a ReadProcessMemory or WriteProcessMemory request was completed. (0x12B)
[0129/232949.397:ERROR:process_memory_win.cc(73)] ReadMemory at 0x51b708a000 of 6024 bytes failed: Only part of a ReadProcessMemory or WriteProcessMemory request was completed. (0x12B)
[0129/232949.397:ERROR:process_memory_win.cc(73)] ReadMemory at 0x51b708c000 of 6024 bytes failed: Only part of a ReadProcessMemory or WriteProcessMemory request was completed. (0x12B)
[0129/232949.397:ERROR:process_memory_win.cc(73)] ReadMemory at 0x51b708e000 of 6024 bytes failed: Only part of a ReadProcessMemory or WriteProcessMemory request was completed. (0x12B)
[0129/232949.397:ERROR:process_memory_win.cc(73)] ReadMemory at 0x51b7090000 of 6024 bytes failed: Only part of a ReadProcessMemory or WriteProcessMemory request was completed. (0x12B)
[0129/232949.397:ERROR:process_memory_win.cc(73)] ReadMemory at 0x51b7092000 of 6024 bytes failed: Only part of a ReadProcessMemory or WriteProcessMemory request was completed. (0x12B)
[0129/232949.397:ERROR:process_memory_win.cc(73)] ReadMemory at 0x51b7096000 of 6024 bytes failed: Only part of a ReadProcessMemory or WriteProcessMemory request was completed. (0x12B)
[0129/232949.397:ERROR:process_memory_win.cc(73)] ReadMemory at 0x51b7098000 of 6024 bytes failed: Only part of a ReadProcessMemory or WriteProcessMemory request was completed. (0x12B)
[0129/232949.397:ERROR:process_memory_win.cc(73)] ReadMemory at 0x1d0a4a51480 of 512 bytes failed: Only part of a ReadProcessMemory or WriteProcessMemory request was completed. (0x12B)
[0129/232949.397:ERROR:process_memory_win.cc(73)] ReadMemory at 0x1d0a4a70fe0 of 5064 bytes failed: Only part of a ReadProcessMemory or WriteProcessMemory request was completed. (0x12B)
[0129/232949.397:ERROR:process_memory_win.cc(73)] ReadMemory at 0x1d0a4a723b0 of 1012 bytes failed: Only part of a ReadProcessMemory or WriteProcessMemory request was completed. (0x12B)
[0129/232949.397:ERROR:process_memory_win.cc(73)] ReadMemory at 0x1d0a4a729f8 of 118 bytes failed: Only part of a ReadProcessMemory or WriteProcessMemory request was completed. (0x12B)
[0129/232949.397:ERROR:process_memory_win.cc(73)] ReadMemory at 0x1d0a4a72a70 of 900 bytes failed: Only part of a ReadProcessMemory or WriteProcessMemory request was completed. (0x12B)
[0129/232949.397:ERROR:process_memory_win.cc(73)] ReadMemory at 0x1d0a4a72df6 of 118 bytes failed: Only part of a ReadProcessMemory or WriteProcessMemory request was completed. (0x12B)
[0129/232949.397:ERROR:process_memory_win.cc(73)] ReadMemory at 0x1d0a4a72e6e of 102 bytes failed: Only part of a ReadProcessMemory or WriteProcessMemory request was completed. (0x12B)
[0129/232949.397:ERROR:process_memory_win.cc(73)] ReadMemory at 0x1d0a4a72ee0 of 58 bytes failed: Only part of a ReadProcessMemory or WriteProcessMemory request was completed. (0x12B)
[0129/232949.397:ERROR:process_memory_win.cc(73)] ReadMemory at 0x1d0a4a72fe0 of 132 bytes failed: Only part of a ReadProcessMemory or WriteProcessMemory request was completed. (0x12B)
[0129/232949.397:ERROR:process_memory_win.cc(73)] ReadMemory at 0x1d0a4a73170 of 132 bytes failed: Only part of a ReadProcessMemory or WriteProcessMemory request was completed. (0x12B)
[0129/232949.397:ERROR:process_memory_win.cc(73)] ReadMemory at 0x1d0a4a73330 of 126 bytes failed: Only part of a ReadProcessMemory or WriteProcessMemory request was completed. (0x12B)
[0129/232949.397:ERROR:process_memory_win.cc(73)] ReadMemory at 0x1d0a4a73710 of 132 bytes failed: Only part of a ReadProcessMemory or WriteProcessMemory request was completed. (0x12B)
[0129/232949.397:ERROR:process_memory_win.cc(73)] ReadMemory at 0x1d0a4a738a0 of 64 bytes failed: Only part of a ReadProcessMemory or WriteProcessMemory request was completed. (0x12B)
[0129/232949.397:ERROR:process_memory_win.cc(73)] ReadMemory at 0x1d0a4a738f0 of 132 bytes failed: Only part of a ReadProcessMemory or WriteProcessMemory request was completed. (0x12B)
[0129/232949.397:ERROR:process_memory_win.cc(73)] ReadMemory at 0x1d0a4a73a60 of 132 bytes failed: Only part of a ReadProcessMemory or WriteProcessMemory request was completed. (0x12B)
[0129/232949.397:ERROR:process_memory_win.cc(73)] ReadMemory at 0x1d0a4a73d00 of 132 bytes failed: Only part of a ReadProcessMemory or WriteProcessMemory request was completed. (0x12B)
[0129/232949.397:ERROR:process_memory_win.cc(73)] ReadMemory at 0x1d0a4a73e90 of 68 bytes failed: Only part of a ReadProcessMemory or WriteProcessMemory request was completed. (0x12B)
[0129/232949.397:ERROR:process_memory_win.cc(73)] ReadMemory at 0x1d0a4a74fa0 of 132 bytes failed: Only part of a ReadProcessMemory or WriteProcessMemory request was completed. (0x12B)
[0129/232949.397:ERROR:process_memory_win.cc(73)] ReadMemory at 0x1d0a4a75130 of 154 bytes failed: Only part of a ReadProcessMemory or WriteProcessMemory request was completed. (0x12B)
[0129/232949.397:ERROR:process_memory_win.cc(73)] ReadMemory at 0x1d0a4a75e70 of 158 bytes failed: Only part of a ReadProcessMemory or WriteProcessMemory request was completed. (0x12B)
[0129/232949.397:ERROR:process_memory_win.cc(73)] ReadMemory at 0x1d0a4a75f50 of 132 bytes failed: Only part of a ReadProcessMemory or WriteProcessMemory request was completed. (0x12B)
[0129/232949.397:ERROR:process_memory_win.cc(73)] ReadMemory at 0x1d0a4a760e0 of 60 bytes failed: Only part of a ReadProcessMemory or WriteProcessMemory request was completed. (0x12B)
[0129/232949.397:ERROR:process_memory_win.cc(73)] ReadMemory at 0x1d0a4a763b0 of 132 bytes failed: Only part of a ReadProcessMemory or WriteProcessMemory request was completed. (0x12B)
[0129/232949.397:ERROR:process_memory_win.cc(73)] ReadMemory at 0x1d0a4a76f10 of 62 bytes failed: Only part of a ReadProcessMemory or WriteProcessMemory request was completed. (0x12B)
[0129/232949.397:ERROR:process_memory_win.cc(73)] ReadMemory at 0x1d0a4a79c50 of 132 bytes failed: Only part of a ReadProcessMemory or WriteProcessMemory request was completed. (0x12B)
[0129/232949.397:ERROR:process_memory_win.cc(73)] ReadMemory at 0x1d0a4a79e60 of 132 bytes failed: Only part of a ReadProcessMemory or WriteProcessMemory request was completed. (0x12B)
[0129/232949.397:ERROR:process_memory_win.cc(73)] ReadMemory at 0x1d0a4a7a9f0 of 132 bytes failed: Only part of a ReadProcessMemory or WriteProcessMemory request was completed. (0x12B)
[0129/232949.397:ERROR:process_memory_win.cc(73)] ReadMemory at 0x1d0a4a7ac30 of 80 bytes failed: Only part of a ReadProcessMemory or WriteProcessMemory request was completed. (0x12B)
[0129/232949.397:ERROR:process_memory_win.cc(73)] ReadMemory at 0x1d0a4a7b4f0 of 64 bytes failed: Only part of a ReadProcessMemory or WriteProcessMemory request was completed. (0x12B)
[0129/232949.397:ERROR:process_memory_win.cc(73)] ReadMemory at 0x1d0a4a7b5e0 of 66 bytes failed: Only part of a ReadProcessMemory or WriteProcessMemory request was completed. (0x12B)
[0129/232949.397:ERROR:process_memory_win.cc(73)] ReadMemory at 0x1d0a4a7b630 of 62 bytes failed: Only part of a ReadProcessMemory or WriteProcessMemory request was completed. (0x12B)
[0129/232949.397:ERROR:process_memory_win.cc(73)] ReadMemory at 0x1d0a4a7b6d0 of 60 bytes failed: Only part of a ReadProcessMemory or WriteProcessMemory request was completed. (0x12B)
[0129/232949.397:ERROR:process_memory_win.cc(73)] ReadMemory at 0x1d0a4a7b720 of 64 bytes failed: Only part of a ReadProcessMemory or WriteProcessMemory request was completed. (0x12B)
[0129/232949.397:ERROR:process_memory_win.cc(73)] ReadMemory at 0x1d0a4a7b770 of 60 bytes failed: Only part of a ReadProcessMemory or WriteProcessMemory request was completed. (0x12B)
[0129/232949.397:ERROR:process_memory_win.cc(73)] ReadMemory at 0x1d0a4a7b7c0 of 64 bytes failed: Only part of a ReadProcessMemory or WriteProcessMemory request was completed. (0x12B)
[0129/232949.397:ERROR:process_memory_win.cc(73)] ReadMemory at 0x1d0a4a7b860 of 64 bytes failed: Only part of a ReadProcessMemory or WriteProcessMemory request was completed. (0x12B)
[0129/232949.397:ERROR:process_memory_win.cc(73)] ReadMemory at 0x1d0a4a7b9f0 of 62 bytes failed: Only part of a ReadProcessMemory or WriteProcessMemory request was completed. (0x12B)
[0129/232949.397:ERROR:process_memory_win.cc(73)] ReadMemory at 0x1d0a4a7c4c0 of 132 bytes failed: Only part of a ReadProcessMemory or WriteProcessMemory request was completed. (0x12B)
[0129/232949.397:ERROR:process_memory_win.cc(73)] ReadMemory at 0x1d0a4a7c720 of 132 bytes failed: Only part of a ReadProcessMemory or WriteProcessMemory request was completed. (0x12B)
[0129/232949.412:ERROR:process_memory_win.cc(73)] ReadMemory at 0x1d0a4a7c850 of 132 bytes failed: Only part of a ReadProcessMemory or WriteProcessMemory request was completed. (0x12B)
[0129/232949.412:ERROR:process_memory_win.cc(73)] ReadMemory at 0x1d0a4a7c980 of 132 bytes failed: Only part of a ReadProcessMemory or WriteProcessMemory request was completed. (0x12B)
[0129/232949.412:ERROR:process_memory_win.cc(73)] ReadMemory at 0x1d0a4a7cab0 of 132 bytes failed: Only part of a ReadProcessMemory or WriteProcessMemory request was completed. (0x12B)
[0129/232949.412:ERROR:process_memory_win.cc(73)] ReadMemory at 0x1d0a4a7cbe0 of 132 bytes failed: Only part of a ReadProcessMemory or WriteProcessMemory request was completed. (0x12B)
[0129/232949.412:ERROR:process_memory_win.cc(73)] ReadMemory at 0x1d0a4a7cd10 of 132 bytes failed: Only part of a ReadProcessMemory or WriteProcessMemory request was completed. (0x12B)
[0129/232949.412:ERROR:process_memory_win.cc(73)] ReadMemory at 0x1d0a4a7ce40 of 132 bytes failed: Only part of a ReadProcessMemory or WriteProcessMemory request was completed. (0x12B)
[0129/232949.412:ERROR:process_memory_win.cc(73)] ReadMemory at 0x1d0a4a7cf70 of 132 bytes failed: Only part of a ReadProcessMemory or WriteProcessMemory request was completed. (0x12B)
[0129/232949.412:ERROR:process_memory_win.cc(73)] ReadMemory at 0x1d0a4a7d0a0 of 132 bytes failed: Only part of a ReadProcessMemory or WriteProcessMemory request was completed. (0x12B)
[0129/232949.412:ERROR:process_memory_win.cc(73)] ReadMemory at 0x1d0a4a7d1d0 of 132 bytes failed: Only part of a ReadProcessMemory or WriteProcessMemory request was completed. (0x12B)
[0129/232949.412:ERROR:process_memory_win.cc(73)] ReadMemory at 0x1d0a4a7d300 of 132 bytes failed: Only part of a ReadProcessMemory or WriteProcessMemory request was completed. (0x12B)
[0129/232949.412:ERROR:process_memory_win.cc(73)] ReadMemory at 0x1d0a4a7d5e0 of 512 bytes failed: Only part of a ReadProcessMemory or WriteProcessMemory request was completed. (0x12B)
[0129/232949.412:ERROR:process_memory_win.cc(73)] ReadMemory at 0x1d0a4a7ef60 of 54 bytes failed: Only part of a ReadProcessMemory or WriteProcessMemory request was completed. (0x12B)
[0129/232949.412:ERROR:process_memory_win.cc(73)] ReadMemory at 0x1d0a4a7f910 of 132 bytes failed: Only part of a ReadProcessMemory or WriteProcessMemory request was completed. (0x12B)
[0129/232949.412:ERROR:process_memory_win.cc(73)] ReadMemory at 0x1d0a4a7fcc0 of 132 bytes failed: Only part of a ReadProcessMemory or WriteProcessMemory request was completed. (0x12B)
[0129/232949.412:ERROR:process_memory_win.cc(73)] ReadMemory at 0x1d0a4a80710 of 132 bytes failed: Only part of a ReadProcessMemory or WriteProcessMemory request was completed. (0x12B)
[0129/232949.412:ERROR:process_memory_win.cc(73)] ReadMemory at 0x1d0a4a80840 of 132 bytes failed: Only part of a ReadProcessMemory or WriteProcessMemory request was completed. (0x12B)
[0129/232949.412:ERROR:process_memory_win.cc(73)] ReadMemory at 0x1d0a4a82640 of 132 bytes failed: Only part of a ReadProcessMemory or WriteProcessMemory request was completed. (0x12B)
[0129/232949.412:ERROR:process_memory_win.cc(73)] ReadMemory at 0x1d0a4a84850 of 76 bytes failed: Only part of a ReadProcessMemory or WriteProcessMemory request was completed. (0x12B)
[0129/232949.412:ERROR:process_memory_win.cc(73)] ReadMemory at 0x1d0a4a852a0 of 60 bytes failed: Only part of a ReadProcessMemory or WriteProcessMemory request was completed. (0x12B)
[0129/232949.412:ERROR:process_memory_win.cc(73)] ReadMemory at 0x1d0a4a85390 of 62 bytes failed: Only part of a ReadProcessMemory or WriteProcessMemory request was completed. (0x12B)
[0129/232949.412:ERROR:process_memory_win.cc(73)] ReadMemory at 0x1d0a4a854d0 of 62 bytes failed: Only part of a ReadProcessMemory or WriteProcessMemory request was completed. (0x12B)
[0129/232949.412:ERROR:process_memory_win.cc(73)] ReadMemory at 0x1d0a4a85520 of 64 bytes failed: Only part of a ReadProcessMemory or WriteProcessMemory request was completed. (0x12B)
[0129/232949.412:ERROR:process_memory_win.cc(73)] ReadMemory at 0x1d0a4a855c0 of 64 bytes failed: Only part of a ReadProcessMemory or WriteProcessMemory request was completed. (0x12B)
[0129/232949.412:ERROR:process_memory_win.cc(73)] ReadMemory at 0x1d0a4a857a0 of 60 bytes failed: Only part of a ReadProcessMemory or WriteProcessMemory request was completed. (0x12B)
[0129/232949.412:ERROR:process_memory_win.cc(73)] ReadMemory at 0x1d0a4a85b60 of 60 bytes failed: Only part of a ReadProcessMemory or WriteProcessMemory request was completed. (0x12B)
[0129/232949.412:ERROR:process_memory_win.cc(73)] ReadMemory at 0x1d0a4a85c00 of 62 bytes failed: Only part of a ReadProcessMemory or WriteProcessMemory request was completed. (0x12B)
[0129/232949.412:ERROR:process_memory_win.cc(73)] ReadMemory at 0x1d0a4a85c50 of 66 bytes failed: Only part of a ReadProcessMemory or WriteProcessMemory request was completed. (0x12B)
[0129/232949.412:ERROR:process_memory_win.cc(73)] ReadMemory at 0x1d0a4a85ca0 of 62 bytes failed: Only part of a ReadProcessMemory or WriteProcessMemory request was completed. (0x12B)
[0129/232949.412:ERROR:process_memory_win.cc(73)] ReadMemory at 0x1d0a4a85cf0 of 62 bytes failed: Only part of a ReadProcessMemory or WriteProcessMemory request was completed. (0x12B)
[0129/232949.412:ERROR:process_memory_win.cc(73)] ReadMemory at 0x1d0a4a85d40 of 64 bytes failed: Only part of a ReadProcessMemory or WriteProcessMemory request was completed. (0x12B)
[0129/232949.412:ERROR:process_memory_win.cc(73)] ReadMemory at 0x1d0a4a85d90 of 58 bytes failed: Only part of a ReadProcessMemory or WriteProcessMemory request was completed. (0x12B)
[0129/232949.531:ERROR:process_memory_win.cc(73)] ReadMemory at 0x1d0a4a85ed0 of 62 bytes failed: Only part of a ReadProcessMemory or WriteProcessMemory request was completed. (0x12B)
[0129/232949.531:ERROR:process_memory_win.cc(73)] ReadMemory at 0x1d0a4a85f70 of 60 bytes failed: Only part of a ReadProcessMemory or WriteProcessMemory request was completed. (0x12B)
[0129/232949.531:ERROR:process_memory_win.cc(73)] ReadMemory at 0x1d0a4a86010 of 62 bytes failed: Only part of a ReadProcessMemory or WriteProcessMemory request was completed. (0x12B)
[0129/232949.989:ERROR:process_memory_win.cc(73)] ReadMemory at 0x1d0a4a86060 of 64 bytes failed: Only part of a ReadProcessMemory or WriteProcessMemory request was completed. (0x12B)
[0129/232949.989:ERROR:process_memory_win.cc(73)] ReadMemory at 0x1d0a4a86100 of 62 bytes failed: Only part of a ReadProcessMemory or WriteProcessMemory request was completed. (0x12B)
[0129/232949.989:ERROR:process_memory_win.cc(73)] ReadMemory at 0x1d0a4a879d0 of 132 bytes failed: Only part of a ReadProcessMemory or WriteProcessMemory request was completed. (0x12B)
[0129/232949.989:ERROR:process_memory_win.cc(73)] ReadMemory at 0x1d0a4a87c30 of 132 bytes failed: Only part of a ReadProcessMemory or WriteProcessMemory request was completed. (0x12B)
[0129/232949.989:ERROR:process_memory_win.cc(73)] ReadMemory at 0x1d0a4a880f0 of 132 bytes failed: Only part of a ReadProcessMemory or WriteProcessMemory request was completed. (0x12B)
[0129/232949.989:ERROR:process_memory_win.cc(73)] ReadMemory at 0x1d0a4a88810 of 132 bytes failed: Only part of a ReadProcessMemory or WriteProcessMemory request was completed. (0x12B)
[0129/232949.989:ERROR:process_memory_win.cc(73)] ReadMemory at 0x1d0a4a88a70 of 132 bytes failed: Only part of a ReadProcessMemory or WriteProcessMemory request was completed. (0x12B)
[0129/232949.989:ERROR:process_memory_win.cc(73)] ReadMemory at 0x1d0a4a88cd0 of 132 bytes failed: Only part of a ReadProcessMemory or WriteProcessMemory request was completed. (0x12B)
[0129/232949.989:ERROR:process_memory_win.cc(73)] ReadMemory at 0x1d0a4a88e00 of 132 bytes failed: Only part of a ReadProcessMemory or WriteProcessMemory request was completed. (0x12B)
[0129/232949.989:ERROR:process_memory_win.cc(73)] ReadMemory at 0x1d0a4a88f30 of 132 bytes failed: Only part of a ReadProcessMemory or WriteProcessMemory request was completed. (0x12B)
[0129/232949.989:ERROR:process_memory_win.cc(73)] ReadMemory at 0x1d0a4a89190 of 132 bytes failed: Only part of a ReadProcessMemory or WriteProcessMemory request was completed. (0x12B)
[0129/232949.989:ERROR:process_memory_win.cc(73)] ReadMemory at 0x1d0a4a9c1c0 of 512 bytes failed: Only part of a ReadProcessMemory or WriteProcessMemory request was completed. (0x12B)
[0129/232949.989:ERROR:process_memory_win.cc(73)] ReadMemory at 0x1d0a4c6d0e0 of 896 bytes failed: Only part of a ReadProcessMemory or WriteProcessMemory request was completed. (0x12B)
[0129/232949.989:ERROR:process_memory_win.cc(73)] ReadMemory at 0x1d0a4c83328 of 512 bytes failed: Only part of a ReadProcessMemory or WriteProcessMemory request was completed. (0x12B)
[0129/232949.989:ERROR:process_memory_win.cc(73)] ReadMemory at 0x1d0a4c85820 of 512 bytes failed: Only part of a ReadProcessMemory or WriteProcessMemory request was completed. (0x12B)
[0129/232949.989:ERROR:process_memory_win.cc(73)] ReadMemory at 0x1d0a4ceb0e0 of 512 bytes failed: Only part of a ReadProcessMemory or WriteProcessMemory request was completed. (0x12B)
[0129/232949.989:ERROR:process_memory_win.cc(73)] ReadMemory at 0x1d0a4cef110 of 712 bytes failed: Only part of a ReadProcessMemory or WriteProcessMemory request was completed. (0x12B)
[0129/232949.989:ERROR:process_memory_win.cc(73)] ReadMemory at 0x1d0a4cfa1c8 of 512 bytes failed: Only part of a ReadProcessMemory or WriteProcessMemory request was completed. (0x12B)
[0129/232949.989:ERROR:process_memory_win.cc(73)] ReadMemory at 0x1d0a4cfad08 of 512 bytes failed: Only part of a ReadProcessMemory or WriteProcessMemory request was completed. (0x12B)
[0129/232949.989:ERROR:process_memory_win.cc(73)] ReadMemory at 0x1d0a4cfb0f8 of 512 bytes failed: Only part of a ReadProcessMemory or WriteProcessMemory request was completed. (0x12B)
[0129/232949.989:ERROR:process_memory_win.cc(73)] ReadMemory at 0x1d0a4d25eb0 of 512 bytes failed: Only part of a ReadProcessMemory or WriteProcessMemory request was completed. (0x12B)
[0129/232949.989:ERROR:process_memory_win.cc(73)] ReadMemory at 0x1d0a6ae07b8 of 512 bytes failed: Only part of a ReadProcessMemory or WriteProcessMemory request was completed. (0x12B)
[0129/232949.989:ERROR:process_memory_win.cc(73)] ReadMemory at 0x1d0a6b65280 of 512 bytes failed: Only part of a ReadProcessMemory or WriteProcessMemory request was completed. (0x12B)
[0129/232949.989:ERROR:process_memory_win.cc(73)] ReadMemory at 0x1d0a6d1af18 of 512 bytes failed: Only part of a ReadProcessMemory or WriteProcessMemory request was completed. (0x12B)
[0129/232949.989:ERROR:process_memory_win.cc(73)] ReadMemory at 0x1d0a72eab90 of 512 bytes failed: Only part of a ReadProcessMemory or WriteProcessMemory request was completed. (0x12B)
[0129/232949.989:ERROR:process_memory_win.cc(73)] ReadMemory at 0x1d0a97acfd8 of 512 bytes failed: Only part of a ReadProcessMemory or WriteProcessMemory request was completed. (0x12B)
[0129/232949.989:ERROR:process_memory_win.cc(73)] ReadMemory at 0x1d0a9b00890 of 512 bytes failed: Only part of a ReadProcessMemory or WriteProcessMemory request was completed. (0x12B)
[0129/232949.989:ERROR:process_memory_win.cc(73)] ReadMemory at 0x1d0aa9d0390 of 512 bytes failed: Only part of a ReadProcessMemory or WriteProcessMemory request was completed. (0x12B)
[0129/232949.989:ERROR:process_memory_win.cc(73)] ReadMemory at 0x1d0aa9d23b0 of 512 bytes failed: Only part of a ReadProcessMemory or WriteProcessMemory request was completed. (0x12B)
[0129/232949.989:ERROR:process_memory_win.cc(73)] ReadMemory at 0x7ffbe216fa20 of 512 bytes failed: Only part of a ReadProcessMemory or WriteProcessMemory request was completed. (0x12B)
[0129/232949.989:ERROR:process_memory_win.cc(73)] ReadMemory at 0x7ffbe5afec4a of 512 bytes failed: Only part of a ReadProcessMemory or WriteProcessMemory request was completed. (0x12B)
[0129/232949.989:ERROR:process_memory_win.cc(73)] ReadMemory at 0x7ffc2d91a7b9 of 512 bytes failed: Only part of a ReadProcessMemory or WriteProcessMemory request was completed. (0x12B)
[0129/232950.004:ERROR:process_memory_win.cc(73)] ReadMemory at 0x7ffc3081c0c4 of 672 bytes failed: Only part of a ReadProcessMemory or WriteProcessMemory request was completed. (0x12B)
[0129/232950.004:ERROR:process_memory_win.cc(73)] ReadMemory at 0x7ffc3081c6c4 of 512 bytes failed: Only part of a ReadProcessMemory or WriteProcessMemory request was completed. (0x12B)
[0129/232950.004:ERROR:process_memory_win.cc(73)] ReadMemory at 0x7ffc3081f974 of 608 bytes failed: Only part of a ReadProcessMemory or WriteProcessMemory request was completed. (0x12B)
[0129/232950.004:ERROR:process_memory_win.cc(73)] ReadMemory at 0x7ffc308ac428 of 18 bytes failed: Only part of a ReadProcessMemory or WriteProcessMemory request was completed. (0x12B)
[0129/232950.004:ERROR:process_memory_win.cc(73)] ReadMemory at 0x7ffc308df4f8 of 40 bytes failed: Only part of a ReadProcessMemory or WriteProcessMemory request was completed. (0x12B)
[0129/232950.004:ERROR:process_memory_win.cc(73)] ReadMemory at 0x7ffc308df978 of 48 bytes failed: Only part of a ReadProcessMemory or WriteProcessMemory request was completed. (0x12B)
[0129/232950.004:ERROR:process_memory_win.cc(73)] ReadMemory at 0x7ffc308e53c0 of 64 bytes failed: Only part of a ReadProcessMemory or WriteProcessMemory request was completed. (0x12B)
[0129/232951.289:ERROR:scoped_process_suspend.cc(40)] NtResumeProcess: An attempt was made to access an exiting process. (0xc000010a)
